<?xml version="1.0" encoding="UTF-8"?>
<!-- Generated by org.testng.reporters.JUnitXMLReporter -->
<testsuite ignored="0" hostname="LAPTOP-CQ3BBBM0" failures="0" tests="5" name="TestRunner====&gt;1" time="226.355" errors="0" timestamp="2021-08-24T18:10:45 IST">
  <testcase classname="VtigerGenericUtility.BaseClass" name="@BeforeClass configBC" time="69.192">
    <failure type="org.openqa.selenium.TimeoutException" message="No connection could be made because the target machine actively refused it. (os error 10061)
Build info: version: &amp;apos;3.141.59&amp;apos;, revision: &amp;apos;e82be7d358&amp;apos;, time: &amp;apos;2018-11-14T08:17:03&amp;apos;
System info: host: &amp;apos;LAPTOP-CQ3BBBM0&amp;apos;, ip: &amp;apos;127.0.0.1&amp;apos;, os.name: &amp;apos;Windows 10&amp;apos;, os.arch: &amp;apos;amd64&amp;apos;, os.version: &amp;apos;10.0&amp;apos;, java.version: &amp;apos;15.0.2&amp;apos;
Driver info: driver.version: FirefoxDriver
remote stacktrace: ">
      <![CDATA[org.openqa.selenium.TimeoutException: No connection could be made because the target machine actively refused it. (os error 10061)
Build info: version: '3.141.59', revision: 'e82be7d358', time: '2018-11-14T08:17:03'
System info: host: 'LAPTOP-CQ3BBBM0', ip: '127.0.0.1', os.name: 'Windows 10', os.arch: 'amd64', os.version: '10.0', java.version: '15.0.2'
Driver info: driver.version: FirefoxDriver
remote stacktrace: 
at org.openqa.selenium.remote.W3CHandshakeResponse.lambda$errorHandler$0(W3CHandshakeResponse.java:62)
at org.openqa.selenium.remote.HandshakeResponse.lambda$getResponseFunction$0(HandshakeResponse.java:30)
at org.openqa.selenium.remote.ProtocolHandshake.lambda$createSession$0(ProtocolHandshake.java:126)
at java.base/java.util.stream.ReferencePipeline$3$1.accept(ReferencePipeline.java:195)
at java.base/java.util.Spliterators$ArraySpliterator.tryAdvance(Spliterators.java:958)
at java.base/java.util.stream.ReferencePipeline.forEachWithCancel(ReferencePipeline.java:127)
at java.base/java.util.stream.AbstractPipeline.copyIntoWithCancel(AbstractPipeline.java:502)
at java.base/java.util.stream.AbstractPipeline.copyInto(AbstractPipeline.java:488)
at java.base/java.util.stream.AbstractPipeline.wrapAndCopyInto(AbstractPipeline.java:474)
at java.base/java.util.stream.FindOps$FindOp.evaluateSequential(FindOps.java:150)
at java.base/java.util.stream.AbstractPipeline.evaluate(AbstractPipeline.java:234)
at java.base/java.util.stream.ReferencePipeline.findFirst(ReferencePipeline.java:543)
at org.openqa.selenium.remote.ProtocolHandshake.createSession(ProtocolHandshake.java:128)
at org.openqa.selenium.remote.ProtocolHandshake.createSession(ProtocolHandshake.java:74)
at org.openqa.selenium.remote.HttpCommandExecutor.execute(HttpCommandExecutor.java:136)
at org.openqa.selenium.remote.service.DriverCommandExecutor.execute(DriverCommandExecutor.java:83)
at org.openqa.selenium.remote.RemoteWebDriver.execute(RemoteWebDriver.java:552)
at org.openqa.selenium.remote.RemoteWebDriver.startSession(RemoteWebDriver.java:213)
at org.openqa.selenium.remote.RemoteWebDriver.<init>(RemoteWebDriver.java:131)
at org.openqa.selenium.firefox.FirefoxDriver.<init>(FirefoxDriver.java:147)
at org.openqa.selenium.firefox.FirefoxDriver.<init>(FirefoxDriver.java:125)
at VtigerGenericUtility.BaseClass.configBC(BaseClass.java:44)
at java.base/java.util.ArrayList.forEach(ArrayList.java:1511)
at java.base/java.util.concurrent.FutureTask.run(FutureTask.java:264)
at java.base/java.util.concurrent.ThreadPoolExecutor.runWorker(ThreadPoolExecutor.java:1130)
at java.base/java.util.concurrent.ThreadPoolExecutor$Worker.run(ThreadPoolExecutor.java:630)
at java.base/java.lang.Thread.run(Thread.java:832)
... Removed 21 stack frames]]>
    </failure>
  </testcase> <!-- @BeforeClass configBC -->
  <testcase classname="VtigerGenericUtility.BaseClass" name="@BeforeMethod configBM" time="-1.629808688618E9">
    <skipped/>
  </testcase> <!-- @BeforeMethod configBM -->
  <testcase classname="VtigerGenericUtility.BaseClass" name="@AfterMethod configAM" time="-1.629808688637E9">
    <skipped/>
  </testcase> <!-- @AfterMethod configAM -->
  <testcase classname="VtigerGenericUtility.BaseClass" name="@BeforeMethod configBM" time="-1.629808688643E9">
    <skipped/>
  </testcase> <!-- @BeforeMethod configBM -->
  <testcase classname="VtigerGenericUtility.BaseClass" name="@AfterMethod configAM" time="-1.629808688657E9">
    <skipped/>
  </testcase> <!-- @AfterMethod configAM -->
  <testcase classname="VtigerGenericUtility.BaseClass" name="@BeforeMethod configBM" time="-1.629808688661E9">
    <skipped/>
  </testcase> <!-- @BeforeMethod configBM -->
  <testcase classname="VtigerGenericUtility.BaseClass" name="@AfterMethod configAM" time="-1.62980868867E9">
    <skipped/>
  </testcase> <!-- @AfterMethod configAM -->
  <testcase classname="VtigerGenericUtility.BaseClass" name="@AfterClass configAC" time="-1.629808688672E9">
    <skipped/>
  </testcase> <!-- @AfterClass configAC -->
  <testcase classname="PomTestCase.CreateOppertunutyTest" name="CreateOpportunityWithOrg" time="56.55"/>
  <testcase classname="PomTestCase.CreateOppertunutyTest" name="CreteOpportunityWithContactAndOrganizations" time="37.121"/>
  <testcase classname="PomTestCase.CreateOppertunutyTest" name="createOppurtunity" time="21.531"/>
  <testcase classname="PomTestCase.SampleTestScriptForParaleleTest" name="SampleMethod1" time="0.004"/>
  <testcase classname="PomTestCase.SampleTestScriptForParaleleTest" name="SampleMethod2" time="0.004"/>
</testsuite> <!-- TestRunner====>1 -->
